#
# A fatal error has been detected by the Java Runtime Environment:
#
#  Internal Error (javaClasses.cpp:124), pid=3840, tid=1080
#  fatal error: Invalid layout of preloaded class
#
# JRE version:  (8.0-b118) (build )
# Java VM: Java HotSpot(TM) 64-Bit Server VM (25.0-b60 mixed mode windows-amd64 compressed oops)
# Failed to write core dump. Minidumps are not enabled by default on client versions of Windows
#
# If you would like to submit a bug report, please visit:
#   http://bugreport.sun.com/bugreport/crash.jsp
#

---------------  T H R E A D  ---------------

Current thread (0x0000000001d7d800):  JavaThread "Unknown thread" [_thread_in_vm, id=1080, stack(0x0000000002030000,0x0000000002130000)]

Stack: [0x0000000002030000,0x0000000002130000]
Native frames: (J=compiled Java code, j=interpreted, Vv=VM code, C=native code)
V  [jvm.dll+0x30883a]
V  [jvm.dll+0x25d7a1]
V  [jvm.dll+0x25e3bf]
V  [jvm.dll+0x255d16]
V  [jvm.dll+0x5d41c]
V  [jvm.dll+0x5d513]
V  [jvm.dll+0x71e7a]
V  [jvm.dll+0x721d8]
V  [jvm.dll+0xe11f7]
V  [jvm.dll+0xe1586]
V  [jvm.dll+0x1f0a57]
V  [jvm.dll+0x222014]
V  [jvm.dll+0x149911]
C  [javaw.exe+0x208a]
C  [javaw.exe+0xc9db]
C  [javaw.exe+0xca6f]
C  [kernel32.dll+0x1f56d]
C  [ntdll.dll+0x33281]


---------------  P R O C E S S  ---------------

Java Threads: ( => current thread )

Other Threads:

=>0x0000000001d7d800 (exited) JavaThread "Unknown thread" [_thread_in_vm, id=1080, stack(0x0000000002030000,0x0000000002130000)]

VM state:not at safepoint (not fully initialized)

VM Mutex/Monitor currently owned by a thread: None

GC Heap History (0 events):
No events

Deoptimization events (0 events):
No events

Internal exceptions (0 events):
No events

Events (10 events):
Event: 0.033 loading class java/lang/CharSequence done
Event: 0.033 loading class java/lang/String done
Event: 0.033 loading class java/lang/Class
Event: 0.033 loading class java/lang/reflect/AnnotatedElement
Event: 0.033 loading class java/lang/reflect/AnnotatedElement done
Event: 0.033 loading class java/lang/reflect/GenericDeclaration
Event: 0.033 loading class java/lang/reflect/GenericDeclaration done
Event: 0.033 loading class java/lang/reflect/Type
Event: 0.033 loading class java/lang/reflect/Type done
Event: 0.033 loading class java/lang/Class done


Dynamic libraries:
0x000000013fc80000 - 0x000000013fcb4000 	C:\Program Files\Java\jre8\bin\javaw.exe
0x0000000077130000 - 0x00000000772db000 	C:\Windows\SYSTEM32\ntdll.dll
0x0000000077010000 - 0x000000007712f000 	C:\Windows\system32\kernel32.dll
0x000007fefd140000 - 0x000007fefd1ab000 	C:\Windows\system32\KERNELBASE.dll
0x000007fefd460000 - 0x000007fefd53b000 	C:\Windows\system32\ADVAPI32.dll
0x000007fefe460000 - 0x000007fefe4ff000 	C:\Windows\system32\msvcrt.dll
0x000007fefe9b0000 - 0x000007fefe9cf000 	C:\Windows\SYSTEM32\sechost.dll
0x000007feff130000 - 0x000007feff25e000 	C:\Windows\system32\RPCRT4.dll
0x0000000076f10000 - 0x000000007700a000 	C:\Windows\system32\USER32.dll
0x000007fefed30000 - 0x000007fefed97000 	C:\Windows\system32\GDI32.dll
0x000007fefe610000 - 0x000007fefe61e000 	C:\Windows\system32\LPK.dll
0x000007fefef00000 - 0x000007fefefca000 	C:\Windows\system32\USP10.dll
0x000007fefbaa0000 - 0x000007fefbc94000 	C:\Windows\WinSxS\amd64_microsoft.windows.common-controls_6595b64144ccf1df_6.0.7600.16385_none_fa645303170382f6\COMCTL32.dll
0x000007fefeda0000 - 0x000007fefee11000 	C:\Windows\system32\SHLWAPI.dll
0x000007fefefd0000 - 0x000007fefeffe000 	C:\Windows\system32\IMM32.DLL
0x000007fefe500000 - 0x000007fefe609000 	C:\Windows\system32\MSCTF.dll
0x0000000070a40000 - 0x0000000070b12000 	C:\Program Files\Java\jre8\bin\msvcr100.dll
0x0000000069470000 - 0x0000000069c9a000 	C:\Program Files\Java\jre8\bin\server\jvm.dll
0x000007fefbf90000 - 0x000007fefbf99000 	C:\Windows\system32\WSOCK32.dll
0x000007fefece0000 - 0x000007fefed2d000 	C:\Windows\system32\WS2_32.dll
0x000007fefea70000 - 0x000007fefea78000 	C:\Windows\system32\NSI.dll
0x000007fefad30000 - 0x000007fefad6b000 	C:\Windows\system32\WINMM.dll
0x00000000772f0000 - 0x00000000772f7000 	C:\Windows\system32\PSAPI.DLL
0x0000000073b70000 - 0x0000000073b7f000 	C:\Program Files\Java\jre8\bin\verify.dll
0x0000000073b40000 - 0x0000000073b68000 	C:\Program Files\Java\jre8\bin\java.dll
0x0000000073b20000 - 0x0000000073b36000 	C:\Program Files\Java\jre8\bin\zip.dll
0x000007fef3df0000 - 0x000007fef3f15000 	C:\Windows\system32\dbghelp.dll

VM Arguments:
jvm_args: -Dfile.encoding=Cp1252 -Xbootclasspath:C:\Users\Tulio\android-sdks\platforms\android-19\android.jar 
java_command: Classes.Operator
java_class_path (initial): C:\Users\Tulio\Desktop\Projeto\libs\android-support-v4.jar;C:\Users\Tulio\Desktop\Projeto\bin\classes
Launcher Type: SUN_STANDARD

Environment Variables:
PATH=C:\Windows\system32;C:\Windows;C:\Windows\System32\Wbem;C:\Windows\System32\WindowsPowerShell\v1.0\;C:\Program Files\Java\jdk1.8.0\bin;C:\Program Files\Java\jre8\bin
USERNAME=Tulio
OS=Windows_NT
PROCESSOR_IDENTIFIER=Intel64 Family 6 Model 37 Stepping 5, GenuineIntel



---------------  S Y S T E M  ---------------

OS: Windows 7 , 64 bit Build 7600 

CPU:total 4 (2 cores per cpu, 2 threads per core) family 6 model 37 stepping 5, cmov, cx8, fxsr, mmx, sse, sse2, sse3, ssse3, sse4.1, sse4.2, popcnt, ht, tsc, tscinvbit

Memory: 4k page, physical 3985980k(1588772k free), swap 7970064k(4948188k free)

vm_info: Java HotSpot(TM) 64-Bit Server VM (25.0-b60) for windows-amd64 JRE (1.8.0-ea-b118), built on Nov 28 2013 06:00:08 by "java_re" with MS VC++ 10.0 (VS2010)

time: Sun Feb 09 09:25:07 2014
elapsed time: 0 seconds

